<?xml version="1.0"?>
<testsuites>
  <testsuite name="Chrome 22.0 (Linux)" package="undefined" timestamp="2013-04-17T06:17:17" id="0" hostname="sde-ThinkCentre-M57" tests="6" errors="0" failures="0" time="0.007">
    <properties>
      <property name="browser.fullName" value="Mozilla/5.0 (X11; Linux x86_64) AppleWebKit/537.4 (KHTML, like Gecko) Chrome/22.0.1229.94 Safari/537.4"/>
    </properties>
    <testcase name="should return -1 when the value is not present" time="0.002" classname="Chrome 22.0 (Linux).Array #indexOf()"/>
    <testcase name="should return -1 when the value is not present" time="0.002" classname="Chrome 22.0 (Linux).Array #indexOf()"/>
    <testcase name="should be return hello world" time="0" classname="Chrome 22.0 (Linux).Hello Greeter for myapp test greet"/>
    <testcase name="should not null" time="0.001" classname="Chrome 22.0 (Linux).Hello Greeter for myapp test greet null"/>
    <testcase name="should be return hello world" time="0.001" classname="Chrome 22.0 (Linux).Hello Greeter for myapp test greet"/>
    <testcase name="should not null" time="0.001" classname="Chrome 22.0 (Linux).Hello Greeter for myapp test greet null"/>
    <system-out><![CDATA[Chrome 22.0 (Linux) LOG: 'this is yaoli test!'
,Chrome 22.0 (Linux) LOG: 'this called in before all'
,Chrome 22.0 (Linux) LOG: 'invoke before each method'
,Chrome 22.0 (Linux) LOG: 'invoke one assert'
,Chrome 22.0 (Linux) LOG: 'invoke after each method'
,Chrome 22.0 (Linux) LOG: 'invoke before each method'
,Chrome 22.0 (Linux) LOG: 'invoke second should'
,Chrome 22.0 (Linux) LOG: 'invoke after each method'
,Chrome 22.0 (Linux) LOG: 'this called in after all'
,Chrome 22.0 (Linux) LOG: 'hello'
,Chrome 22.0 (Linux) LOG: 'not null'
,Chrome 22.0 (Linux) LOG: 'hello'
,Chrome 22.0 (Linux) LOG: 'not null'

]]></system-out>
    <system-err/>
  </testsuite>
</testsuites>
